<?xml version="1.0" encoding="UTF-8"?>
<testsuite name="SortTest" tests="1" skipped="0" failures="0" errors="0" timestamp="2022-12-17T19:31:18" hostname="LAPTOP-BMIION84" time="0.013">
  <properties/>
  <testcase name="mergeWordDescending()" classname="SortTest" time="0.013"/>
  <system-out><![CDATA[]]></system-out>
  <system-err><![CDATA[]]></system-err>
</testsuite>
